INFO:root:(3825, 2)
INFO:root:review    1
label     0
dtype: int64
INFO:root:(3825, 2)
INFO:root:review    1
label     0
dtype: int64
INFO:root:(3825, 2)
INFO:root:review    1
label     0
dtype: int64
INFO:root:F1-Score 0.06435944140862174
INFO:root:              precision    recall  f1-score   support

    Positive       0.99      0.41      0.58      2615
    Negative       0.03      0.87      0.06        61

    accuracy                           0.42      2676
   macro avg       0.51      0.64      0.32      2676
weighted avg       0.97      0.42      0.57      2676

INFO:root:F1-Score 0.06423357664233577
INFO:root:              precision    recall  f1-score   support

    Positive       0.99      0.43      0.60      1122
    Negative       0.03      0.85      0.06        26

    accuracy                           0.44      1148
   macro avg       0.51      0.64      0.33      1148
weighted avg       0.97      0.44      0.59      1148

INFO:root:F1-Score 0.06432038834951456
INFO:root:              precision    recall  f1-score   support

    Positive       0.99      0.41      0.58      2615
    Negative       0.03      0.87      0.06        61

    accuracy                           0.42      2676
   macro avg       0.51      0.64      0.32      2676
weighted avg       0.97      0.42      0.57      2676

INFO:root:F1-Score 0.0641399416909621
INFO:root:              precision    recall  f1-score   support

    Positive       0.99      0.43      0.60      1122
    Negative       0.03      0.85      0.06        26

    accuracy                           0.44      1148
   macro avg       0.51      0.64      0.33      1148
weighted avg       0.97      0.44      0.59      1148

INFO:root:F1-Score 0.10478359908883828
INFO:root:              precision    recall  f1-score   support

    Positive       0.99      0.71      0.82      2615
    Negative       0.06      0.75      0.10        61

    accuracy                           0.71      2676
   macro avg       0.52      0.73      0.46      2676
weighted avg       0.97      0.71      0.81      2676

INFO:root:F1-Score 0.10382513661202186
INFO:root:              precision    recall  f1-score   support

    Positive       0.99      0.71      0.83      1122
    Negative       0.06      0.73      0.10        26

    accuracy                           0.71      1148
   macro avg       0.52      0.72      0.47      1148
weighted avg       0.97      0.71      0.81      1148

INFO:root:F1-Score 0.08742194469223906
INFO:root:              precision    recall  f1-score   support

    Positive       0.99      0.61      0.76      2615
    Negative       0.05      0.80      0.09        61

    accuracy                           0.62      2676
   macro avg       0.52      0.71      0.42      2676
weighted avg       0.97      0.62      0.74      2676

INFO:root:F1-Score 0.08869179600886919
INFO:root:              precision    recall  f1-score   support

    Positive       0.99      0.64      0.78      1122
    Negative       0.05      0.77      0.09        26

    accuracy                           0.64      1148
   macro avg       0.52      0.70      0.43      1148
weighted avg       0.97      0.64      0.76      1148

INFO:root:F1-Score 0.5252525252525253
INFO:root:              precision    recall  f1-score   support

    Positive       0.99      1.00      0.99      2615
    Negative       0.68      0.43      0.53        61

    accuracy                           0.98      2676
   macro avg       0.84      0.71      0.76      2676
weighted avg       0.98      0.98      0.98      2676

INFO:root:F1-Score 0.5217391304347826
INFO:root:              precision    recall  f1-score   support

    Positive       0.99      0.99      0.99      1122
    Negative       0.60      0.46      0.52        26

    accuracy                           0.98      1148
   macro avg       0.79      0.73      0.76      1148
weighted avg       0.98      0.98      0.98      1148

